<?xml version="1.0" encoding="UTF-8"?>
<testsuite name="org.scoula.security.PasswordEncoderTest" tests="1" skipped="0" failures="0" errors="0" timestamp="2025-06-23T06:21:58" hostname="DESKTOP-J43DCQB" time="0.261">
  <properties/>
  <testcase name="testEncode()" classname="org.scoula.security.PasswordEncoderTest" time="0.261"/>
  <system-out><![CDATA[ INFO  org.springframework.test.context.support.DefaultTestContextBootstrapper(getDefaultTestExecutionListenerClassNames:245) - Loaded default TestExecutionListener class names from location [META-INF/spring.factories]: [org.springframework.test.context.web.ServletTestExecutionListener, org.springframework.test.context.support.DirtiesContextBeforeModesTestExecutionListener, org.springframework.test.context.event.ApplicationEventsTestExecutionListener, org.springframework.test.context.support.DependencyInjectionTestExecutionListener, org.springframework.test.context.support.DirtiesContextTestExecutionListener, org.springframework.test.context.transaction.TransactionalTestExecutionListener, org.springframework.test.context.jdbc.SqlScriptsTestExecutionListener, org.springframework.test.context.event.EventPublishingTestExecutionListener]
 INFO  org.springframework.test.context.support.DefaultTestContextBootstrapper(getTestExecutionListeners:174) - Using TestExecutionListeners: [org.springframework.test.context.web.ServletTestExecutionListener@d2387c8, org.springframework.test.context.support.DirtiesContextBeforeModesTestExecutionListener@3956b302, org.springframework.test.context.event.ApplicationEventsTestExecutionListener@1500e009, org.springframework.test.context.support.DependencyInjectionTestExecutionListener@1fd386c3, org.springframework.test.context.support.DirtiesContextTestExecutionListener@edf4f36, org.springframework.test.context.transaction.TransactionalTestExecutionListener@29d334c, org.springframework.test.context.jdbc.SqlScriptsTestExecutionListener@100f9bbe, org.springframework.test.context.event.EventPublishingTestExecutionListener@13e9f2e2]
 INFO  com.zaxxer.hikari.HikariDataSource(<init>:71) - HikariPool-1 - Starting...
 INFO  com.zaxxer.hikari.pool.PoolBase(getAndSetNetworkTimeout:526) - HikariPool-1 - Driver does not support get/set network timeout for connections. (Receiver class net.sf.log4jdbc.sql.jdbcapi.ConnectionSpy does not define or inherit an implementation of the resolved method 'abstract int getNetworkTimeout()' of interface java.sql.Connection.)
 INFO  com.zaxxer.hikari.HikariDataSource(<init>:73) - HikariPool-1 - Start completed.
 INFO  org.scoula.security.config.SecurityConfig(configure:58) - configure .........................................
 INFO  org.springframework.security.web.DefaultSecurityFilterChain(<init>:55) - Will secure any request with [org.springframework.security.web.session.DisableEncodeUrlFilter@721d8ab5, org.springframework.security.web.context.request.async.WebAsyncManagerIntegrationFilter@33bb3f86, org.springframework.security.web.context.SecurityContextPersistenceFilter@d88f893, org.springframework.security.web.header.HeaderWriterFilter@1de0641b, org.springframework.web.filter.CharacterEncodingFilter@1946384, org.springframework.security.web.csrf.CsrfFilter@51fc862e, org.springframework.security.web.authentication.logout.LogoutFilter@ca8ef3a, org.springframework.security.web.authentication.UsernamePasswordAuthenticationFilter@25a94b55, org.springframework.security.web.savedrequest.RequestCacheAwareFilter@48eaf42f, org.springframework.security.web.servletapi.SecurityContextHolderAwareRequestFilter@554188ac, org.springframework.security.web.authentication.AnonymousAuthenticationFilter@6ac4c3f7, org.springframework.security.web.session.SessionManagementFilter@1a464fa3, org.springframework.security.web.access.ExceptionTranslationFilter@3728a578, org.springframework.security.web.access.intercept.FilterSecurityInterceptor@1095d23a]
 INFO  org.scoula.security.PasswordEncoderTest(testEncode:28) - password: $2a$10$am66knxXTpmwQGknMSW1..1g7fPHEORQxaMiuUj4H9XBHoYt/1/9q
 INFO  org.scoula.security.PasswordEncoderTest(testEncode:30) - password: $2a$10$/zbZc2b02vv/e5DUp0OOHef4sOk/A31VLgNFduuHcGI/ACgBmDmYC
 INFO  org.scoula.security.PasswordEncoderTest(testEncode:31) - match :true
 INFO  org.scoula.security.PasswordEncoderTest(testEncode:32) - match :true
]]></system-out>
  <system-err><![CDATA[]]></system-err>
</testsuite>
